<?xml version="1.0" encoding="UTF-8"?>
<!-- Generated by org.testng.reporters.JUnitReportReporter -->
<testsuite hostname="DESKTOP-A7EP9U0" failures="0" tests="3" name="ExelWash_Pages.Exelwash_All_Pages" time="46.531" errors="0" timestamp="2023-06-26T11:00:28 IST" skipped="0">
  <testcase classname="ExelWash_Pages.Exelwash_All_Pages" name="Sign_up_page_Functionality" time="11.960"/>
  <system-out/>
  <testcase classname="ExelWash_Pages.Exelwash_All_Pages" name="login_page_Functionality" time="4.797"/>
  <system-out/>
  <testcase classname="ExelWash_Pages.Exelwash_All_Pages" name="Services_Functionality" time="29.774"/>
  <system-out/>
</testsuite> <!-- ExelWash_Pages.Exelwash_All_Pages -->
