<?xml version="1.0" encoding="UTF-8"?>
<!-- Generated by org.testng.reporters.JUnitReportReporter -->
<testsuite hostname="DESKTOP-A7EP9U0" failures="0" tests="4" name="Exelwash_Test_Methods.ExelWash_Operations" time="63.101" errors="0" timestamp="2023-06-26T11:00:28 IST" skipped="0">
  <testcase classname="Exelwash_Test_Methods.ExelWash_Operations" name="enter_user_SignUp_Details" time="11.543"/>
  <system-out/>
  <testcase classname="Exelwash_Test_Methods.ExelWash_Operations" name="enter_user_Login_Details" time="11.626"/>
  <system-out/>
  <testcase classname="Exelwash_Test_Methods.ExelWash_Operations" name="click_On_Services" time="19.370"/>
  <system-out/>
  <testcase classname="Exelwash_Test_Methods.ExelWash_Operations" name="chacking_Home_Page_Functionality" time="20.562"/>
  <system-out/>
</testsuite> <!-- Exelwash_Test_Methods.ExelWash_Operations -->
